2023-05-30 11:45:06.904  INFO 68027 --- [main] c.i.mallsecond.MallSecondApplication     : Starting MallSecondApplication on liweijiedeMacBook-Pro.local with PID 68027 (/Users/liweijie/IdeaProjects/mall-second/target/classes started by liweijie in /Users/liweijie/IdeaProjects/mall-second)
2023-05-30 11:45:06.906  INFO 68027 --- [main] c.i.mallsecond.MallSecondApplication     : The following profiles are active: dev
2023-05-30 11:45:07.273  INFO 68027 --- [main] .s.d.r.c.RepositoryConfigurationDelegate : Multiple Spring Data modules found, entering strict repository configuration mode!
2023-05-30 11:45:07.274  INFO 68027 --- [main] .s.d.r.c.RepositoryConfigurationDelegate : Bootstrapping Spring Data repositories in DEFAULT mode.
2023-05-30 11:45:07.292  INFO 68027 --- [main] .s.d.r.c.RepositoryConfigurationDelegate : Finished Spring Data repository scanning in 8ms. Found 0 repository interfaces.
2023-05-30 11:45:07.459  INFO 68027 --- [main] trationDelegate$BeanPostProcessorChecker : Bean 'org.springframework.transaction.annotation.ProxyTransactionManagementConfiguration' of type [org.springframework.transaction.annotation.ProxyTransactionManagementConfiguration$$EnhancerBySpringCGLIB$$f2ab5327] is not eligible for getting processed by all BeanPostProcessors (for example: not eligible for auto-proxying)
2023-05-30 11:45:07.601  INFO 68027 --- [main] o.s.b.w.embedded.tomcat.TomcatWebServer  : Tomcat initialized with port(s): 8081 (http)
2023-05-30 11:45:07.614  INFO 68027 --- [main] o.apache.catalina.core.StandardService   : Starting service [Tomcat]
2023-05-30 11:45:07.614  INFO 68027 --- [main] org.apache.catalina.core.StandardEngine  : Starting Servlet engine: [Apache Tomcat/9.0.22]
2023-05-30 11:45:07.659  INFO 68027 --- [main] o.a.c.c.C.[Tomcat].[localhost].[/]       : Initializing Spring embedded WebApplicationContext
2023-05-30 11:45:07.659  INFO 68027 --- [main] o.s.web.context.ContextLoader            : Root WebApplicationContext: initialization completed in 729 ms
2023-05-30 11:45:08.115  INFO 68027 --- [main] o.s.s.concurrent.ThreadPoolTaskExecutor  : Initializing ExecutorService 'applicationTaskExecutor'
2023-05-30 11:45:08.393  INFO 68027 --- [main] o.s.a.r.c.CachingConnectionFactory       : Attempting to connect to: [81.70.212.195:5672]
2023-05-30 11:45:08.435  INFO 68027 --- [main] o.s.a.r.c.CachingConnectionFactory       : Created new connection: rabbitConnectionFactory#670b3ca:0/SimpleConnection@4364863 [delegate=amqp://guest@81.70.212.195:5672/, localPort= 64724]
2023-05-30 11:45:08.502  INFO 68027 --- [main] o.s.b.w.embedded.tomcat.TomcatWebServer  : Tomcat started on port(s): 8081 (http) with context path ''
2023-05-30 11:45:08.504  INFO 68027 --- [main] c.i.mallsecond.MallSecondApplication     : Started MallSecondApplication in 1.811 seconds (JVM running for 2.094)
2023-05-30 11:45:18.720  INFO 68027 --- [http-nio-8081-exec-1] o.a.c.c.C.[Tomcat].[localhost].[/]       : Initializing Spring DispatcherServlet 'dispatcherServlet'
2023-05-30 11:45:18.721  INFO 68027 --- [http-nio-8081-exec-1] o.s.web.servlet.DispatcherServlet        : Initializing Servlet 'dispatcherServlet'
2023-05-30 11:45:18.726  INFO 68027 --- [http-nio-8081-exec-1] o.s.web.servlet.DispatcherServlet        : Completed initialization in 4 ms
2023-05-30 11:45:18.830  INFO 68027 --- [http-nio-8081-exec-1] com.zaxxer.hikari.HikariDataSource       : HikariPool-1 - Starting...
2023-05-30 11:45:18.898  INFO 68027 --- [http-nio-8081-exec-1] com.zaxxer.hikari.HikariDataSource       : HikariPool-1 - Start completed.
2023-05-30 12:09:32.892  INFO 68027 --- [Thread-5] o.s.a.r.l.SimpleMessageListenerContainer : Waiting for workers to finish.
